<?xml version="1.0" encoding="UTF-8"?>
<!-- Generated by org.testng.reporters.JUnitXMLReporter -->
<testsuite ignored="0" hostname="EN1410516" failures="0" tests="9" name="Command line test" time="66.206" errors="0" timestamp="19 Mar 2021 13:10:50 GMT">
  <testcase classname="ContextMenuPage.ContextMenuTest" name="contextBoxTest" time="0.839"/>
  <testcase classname="dropdown.dropdownTest" name="selectDromDropdownTest" time="0.68"/>
  <testcase classname="dropdown.dropdownTest" name="selectOption2dropdownTest" time="0.714"/>
  <testcase classname="EntryAdPageTest.EntryAdTest" name="modalWindowTest" time="1.307"/>
  <testcase classname="forgotPassword.forgotPasswordTest" name="passswordRecoveryTest" time="1.246"/>
  <testcase classname="horizontalSlider.horizontalSliderTest" name="sliderTest" time="1.21"/>
  <testcase classname="Keys.keyPressesTest" name="testBackSpace" time="0.611"/>
  <testcase classname="Keys.keyPressesTest" name="testDot" time="0.512"/>
  <testcase classname="Keys.keyPressesTest" name="testHashtag" time="0.604"/>
</testsuite> <!-- Command line test -->
