<?xml version="1.0" encoding="UTF-8"?>
<!-- Generated by org.testng.reporters.JUnitXMLReporter -->
<testsuite ignored="0" hostname="EN1410516" failures="0" tests="9" name="Command line test" time="67.425" errors="0" timestamp="20 Mar 2021 09:12:07 GMT">
  <testcase classname="ContextMenuPage.ContextMenuTest" name="contextBoxTest" time="0.934"/>
  <testcase classname="dropdown.dropdownTest" name="selectDromDropdownTest" time="0.907"/>
  <testcase classname="dropdown.dropdownTest" name="selectOption2dropdownTest" time="0.613"/>
  <testcase classname="EntryAdPageTest.EntryAdTest" name="modalWindowTest" time="1.443"/>
  <testcase classname="forgotPassword.forgotPasswordTest" name="passswordRecoveryTest" time="3.245"/>
  <testcase classname="horizontalSlider.horizontalSliderTest" name="sliderTest" time="1.468"/>
  <testcase classname="Keys.keyPressesTest" name="testBackSpace" time="0.64"/>
  <testcase classname="Keys.keyPressesTest" name="testDot" time="0.781"/>
  <testcase classname="Keys.keyPressesTest" name="testHashtag" time="0.656"/>
</testsuite> <!-- Command line test -->
