<?xml version="1.0" encoding="UTF-8" ?>
<testsuite tests="9" failures="0" name="TestSuite" time="7.729" errors="0" skipped="0">
  <properties>
[...]
</properties>
  <testcase classname="ContextMenuPage.ContextMenuTest" name="contextBoxTest" time="0.843"/>
  <testcase classname="dropdown.dropdownTest" name="selectDromDropdownTest" time="0.68"/>
  <testcase classname="dropdown.dropdownTest" name="selectOption2dropdownTest" time="0.713"/>
  <testcase classname="EntryAdPageTest.EntryAdTest" name="modalWindowTest" time="1.309"/>
  <testcase classname="forgotPassword.forgotPasswordTest" name="passswordRecoveryTest" time="1.246"/>
  <testcase classname="horizontalSlider.horizontalSliderTest" name="sliderTest" time="1.211"/>
  <testcase classname="Keys.keyPressesTest" name="testBackSpace" time="0.611"/>
  <testcase classname="Keys.keyPressesTest" name="testDot" time="0.512"/>
  <testcase classname="Keys.keyPressesTest" name="testHashtag" time="0.604"/>
</testsuite>